<?xml version="1.0" encoding="UTF-8"?>
<!-- Generated by org.testng.reporters.JUnitXMLReporter -->
<testsuite hostname="LP-PC0MQFYK" ignored="0" name="Test" tests="4" failures="0" timestamp="23 Mar 2018 17:27:32 GMT" time="0.047" errors="0">
  <testcase name="m" time="0.018" classname="com.seleniumdemo.TestDemo"/>
  <testcase name="m1" time="0.001" classname="com.seleniumdemo.TestDemo"/>
  <testcase name="m" time="0.0" classname="demo.demo"/>
  <testcase name="m1" time="0.0" classname="demo.demo"/>
</testsuite> <!-- Test -->
