<?xml version="1.0" encoding="UTF-8"?>
<testng-results skipped="0" failed="0" ignored="0" total="4" passed="4">
  <reporter-output>
  </reporter-output>
  <suite name="Suite" duration-ms="47" started-at="2018-03-23T17:27:32Z" finished-at="2018-03-23T17:27:32Z">
    <groups>
    </groups>
    <test name="Test" duration-ms="47" started-at="2018-03-23T17:27:32Z" finished-at="2018-03-23T17:27:32Z">
      <class name="demo.demo">
        <test-method status="PASS" signature="m()[pri:0, instance:demo.demo@2c6a3f77]" name="m" duration-ms="0" started-at="2018-03-23T22:57:32Z" finished-at="2018-03-23T22:57:32Z">
          <reporter-output>
          </reporter-output>
        </test-method> <!-- m -->
        <test-method status="PASS" signature="m1()[pri:0, instance:demo.demo@2c6a3f77]" name="m1" duration-ms="0" started-at="2018-03-23T22:57:32Z" finished-at="2018-03-23T22:57:32Z">
          <reporter-output>
          </reporter-output>
        </test-method> <!-- m1 -->
      </class> <!-- demo.demo -->
      <class name="com.seleniumdemo.TestDemo">
        <test-method status="PASS" signature="m()[pri:0, instance:com.seleniumdemo.TestDemo@735f7ae5]" name="m" duration-ms="18" started-at="2018-03-23T22:57:32Z" finished-at="2018-03-23T22:57:32Z">
          <reporter-output>
          </reporter-output>
        </test-method> <!-- m -->
        <test-method status="PASS" signature="m1()[pri:0, instance:com.seleniumdemo.TestDemo@735f7ae5]" name="m1" duration-ms="1" started-at="2018-03-23T22:57:32Z" finished-at="2018-03-23T22:57:32Z">
          <reporter-output>
          </reporter-output>
        </test-method> <!-- m1 -->
      </class> <!-- com.seleniumdemo.TestDemo -->
    </test> <!-- Test -->
  </suite> <!-- Suite -->
</testng-results>
