<?xml version="1.0" encoding="UTF-8"?>
<testng-results skipped="0" failed="0" ignored="0" total="1" passed="1">
  <reporter-output>
  </reporter-output>
  <suite name="Default suite" duration-ms="41097" started-at="2018-03-24T19:09:08Z" finished-at="2018-03-24T19:09:49Z">
    <groups>
    </groups>
    <test name="Default test" duration-ms="41097" started-at="2018-03-24T19:09:08Z" finished-at="2018-03-24T19:09:49Z">
      <class name="SeleniumGrid.Grid_Practice_25March_2018">
        <test-method status="PASS" signature="grid()[pri:0, instance:SeleniumGrid.Grid_Practice_25March_2018@66a3ffec]" name="grid" duration-ms="41082" started-at="2018-03-25T00:39:08Z" finished-at="2018-03-25T00:39:49Z">
          <reporter-output>
          </reporter-output>
        </test-method> <!-- grid -->
      </class> <!-- SeleniumGrid.Grid_Practice_25March_2018 -->
    </test> <!-- Default test -->
  </suite> <!-- Default suite -->
</testng-results>
